<?xml version="1.0" encoding="UTF-8"?>
<testng-results ignored="0" total="4" passed="4" failed="0" skipped="0">
  <reporter-output>
  </reporter-output>
  <suite started-at="2023-01-18T15:20:40 CET" name="Default suite" finished-at="2023-01-18T15:21:00 CET" duration-ms="19702">
    <groups>
      <group name="cucumber">
        <method signature="AbstractTestNGCucumberTests.runScenario(io.cucumber.testng.PickleWrapper,io.cucumber.testng.FeatureWrapper)[pri:0, instance:Academy.Cucumber.TestNGTestRunner@cecf639]" name="runScenario" class="io.cucumber.testng.AbstractTestNGCucumberTests"/>
      </group> <!-- cucumber -->
    </groups>
    <test started-at="2023-01-18T15:20:40 CET" name="Default test" finished-at="2023-01-18T15:21:00 CET" duration-ms="19702">
      <class name="Academy.Cucumber.TestNGTestRunner">
        <test-method is-config="true" signature="setUpClass(org.testng.ITestContext)[pri:0, instance:Academy.Cucumber.TestNGTestRunner@cecf639]" started-at="2023-01-18T15:20:40 CET" name="setUpClass" finished-at="2023-01-18T15:20:41 CET" duration-ms="1042" status="PASS">
          <params>
            <param index="0">
              <value>
                <![CDATA[org.testng.TestRunner@45037e16]]>
              </value>
            </param>
          </params>
          <reporter-output>
          </reporter-output>
        </test-method> <!-- setUpClass -->
        <test-method signature="runScenario(io.cucumber.testng.PickleWrapper,io.cucumber.testng.FeatureWrapper)[pri:0, instance:Academy.Cucumber.TestNGTestRunner@cecf639]" started-at="2023-01-18T15:20:41 CET" name="runScenario" description="Runs Cucumber Scenarios" data-provider="scenarios" finished-at="2023-01-18T15:20:48 CET" duration-ms="6500" status="PASS">
          <params>
            <param index="0">
              <value>
                <![CDATA["Wrong credentials used for the login - wrongEmail and validPassword"]]>
              </value>
            </param>
            <param index="1">
              <value>
                <![CDATA["Publish an article from the website"]]>
              </value>
            </param>
          </params>
          <reporter-output>
          </reporter-output>
        </test-method> <!-- runScenario -->
        <test-method signature="runScenario(io.cucumber.testng.PickleWrapper,io.cucumber.testng.FeatureWrapper)[pri:0, instance:Academy.Cucumber.TestNGTestRunner@cecf639]" started-at="2023-01-18T15:20:48 CET" name="runScenario" description="Runs Cucumber Scenarios" data-provider="scenarios" finished-at="2023-01-18T15:20:51 CET" duration-ms="3870" status="PASS">
          <params>
            <param index="0">
              <value>
                <![CDATA["Wrong credentials used for the login - wrongEmail and validPassword"]]>
              </value>
            </param>
            <param index="1">
              <value>
                <![CDATA["Publish an article from the website"]]>
              </value>
            </param>
          </params>
          <reporter-output>
          </reporter-output>
        </test-method> <!-- runScenario -->
        <test-method signature="runScenario(io.cucumber.testng.PickleWrapper,io.cucumber.testng.FeatureWrapper)[pri:0, instance:Academy.Cucumber.TestNGTestRunner@cecf639]" started-at="2023-01-18T15:20:51 CET" name="runScenario" description="Runs Cucumber Scenarios" data-provider="scenarios" finished-at="2023-01-18T15:20:55 CET" duration-ms="3836" status="PASS">
          <params>
            <param index="0">
              <value>
                <![CDATA["Wrong credentials used for the login - validEmail and wrongPassword"]]>
              </value>
            </param>
            <param index="1">
              <value>
                <![CDATA["Publish an article from the website"]]>
              </value>
            </param>
          </params>
          <reporter-output>
          </reporter-output>
        </test-method> <!-- runScenario -->
        <test-method signature="runScenario(io.cucumber.testng.PickleWrapper,io.cucumber.testng.FeatureWrapper)[pri:0, instance:Academy.Cucumber.TestNGTestRunner@cecf639]" started-at="2023-01-18T15:20:55 CET" name="runScenario" description="Runs Cucumber Scenarios" data-provider="scenarios" finished-at="2023-01-18T15:21:00 CET" duration-ms="4237" status="PASS">
          <params>
            <param index="0">
              <value>
                <![CDATA["Wrong credentials used for the login - validEmail and wrongPassword"]]>
              </value>
            </param>
            <param index="1">
              <value>
                <![CDATA["Publish an article from the website"]]>
              </value>
            </param>
          </params>
          <reporter-output>
          </reporter-output>
        </test-method> <!-- runScenario -->
        <test-method is-config="true" signature="tearDownClass()[pri:0, instance:Academy.Cucumber.TestNGTestRunner@cecf639]" started-at="2023-01-18T15:21:00 CET" name="tearDownClass" finished-at="2023-01-18T15:21:00 CET" duration-ms="107" status="PASS">
          <reporter-output>
          </reporter-output>
        </test-method> <!-- tearDownClass -->
      </class> <!-- Academy.Cucumber.TestNGTestRunner -->
    </test> <!-- Default test -->
  </suite> <!-- Default suite -->
</testng-results>
